2025-04-18 20:03:15,853 INFO Scanning folder: H:/yangame/ë°©ì£¼/í…ŒìŠ¤íŠ¸
2025-04-18 20:03:17,098 INFO Starting fetch for 2 items
2025-04-18 20:03:17,098 INFO Checking Firestore cache
2025-04-18 20:03:17,098 DEBUG Sending POST request to https://gamesorter-28083845590.us-central1.run.app/games
2025-04-18 20:03:17,100 DEBUG Starting new HTTPS connection (1): gamesorter-28083845590.us-central1.run.app:443
2025-04-18 20:03:17,971 DEBUG https://gamesorter-28083845590.us-central1.run.app:443 "POST /games HTTP/1.1" 200 251
2025-04-18 20:03:17,971 INFO Firestore cache check complete, missing items: 2
2025-04-18 20:03:17,971 INFO Fetching DLsite data for RJ263090
2025-04-18 20:03:17,973 DEBUG Starting new HTTPS connection (1): www.dlsite.com:443
2025-04-18 20:03:18,557 DEBUG https://www.dlsite.com:443 "GET /maniax/work/=/product_id/RJ263090.html HTTP/1.1" 404 None
2025-04-18 20:03:18,558 ERROR Error fetching DLsite data for RJ263090: DLsite fetch failed: Status 404
Traceback (most recent call last):
  File "E:\Projects\game-sort\core.py", line 70, in get_dlsite_data
    raise Exception(f"DLsite fetch failed: Status {response.status_code}")
Exception: DLsite fetch failed: Status 404
2025-04-18 20:03:18,560 INFO Fetching DLsite data for RJ331162
2025-04-18 20:03:18,561 DEBUG Starting new HTTPS connection (1): www.dlsite.com:443
2025-04-18 20:03:19,164 DEBUG https://www.dlsite.com:443 "GET /maniax/work/=/product_id/RJ331162.html HTTP/1.1" 404 None
2025-04-18 20:03:19,166 ERROR Error fetching DLsite data for RJ331162: DLsite fetch failed: Status 404
Traceback (most recent call last):
  File "E:\Projects\game-sort\core.py", line 70, in get_dlsite_data
    raise Exception(f"DLsite fetch failed: Status {response.status_code}")
Exception: DLsite fetch failed: Status 404
2025-04-18 20:03:19,168 INFO Sending 2 crawled items to server
2025-04-18 20:03:19,168 DEBUG Sending POST request to https://gamesorter-28083845590.us-central1.run.app/games
2025-04-18 20:03:19,169 DEBUG Starting new HTTPS connection (1): gamesorter-28083845590.us-central1.run.app:443
2025-04-18 20:03:19,834 DEBUG https://gamesorter-28083845590.us-central1.run.app:443 "POST /games HTTP/1.1" 200 230
2025-04-18 20:03:19,836 INFO Re-fetching all items from cache after saving translated ones
2025-04-18 20:03:19,836 DEBUG Sending POST request to https://gamesorter-28083845590.us-central1.run.app/games
2025-04-18 20:03:19,837 DEBUG Starting new HTTPS connection (1): gamesorter-28083845590.us-central1.run.app:443
2025-04-18 20:03:20,587 DEBUG https://gamesorter-28083845590.us-central1.run.app:443 "POST /games HTTP/1.1" 200 251
2025-04-18 20:03:20,589 INFO Re-fetching all items from cache after saving translated ones
2025-04-18 20:03:20,589 INFO === on_fetch_finished called ===
2025-04-18 20:03:20,589 DEBUG Sending POST request to https://gamesorter-28083845590.us-central1.run.app/games
2025-04-18 20:03:20,589 INFO Received game_data (length=2):
2025-04-18 20:03:20,589 INFO [0] => {"error": "Game not found for RJ263090", "platform": "rj", "rj_code": "RJ263090"}
2025-04-18 20:03:20,589 INFO [1] => {"error": "Game not found for RJ331162", "platform": "rj", "rj_code": "RJ331162"}
2025-04-18 20:03:20,591 DEBUG Starting new HTTPS connection (1): gamesorter-28083845590.us-central1.run.app:443
2025-04-18 20:03:21,356 DEBUG https://gamesorter-28083845590.us-central1.run.app:443 "POST /games HTTP/1.1" 200 251
2025-04-18 20:03:21,357 INFO === on_fetch_finished called ===
2025-04-18 20:03:21,358 INFO Received game_data (length=2):
2025-04-18 20:03:21,360 INFO [0] => {"error": "Game not found for RJ263090", "platform": "rj", "rj_code": "RJ263090"}
2025-04-18 20:03:21,360 INFO [1] => {"error": "Game not found for RJ331162", "platform": "rj", "rj_code": "RJ331162"}
2025-04-18 20:06:31,283 INFO Scanning folder: H:/yangame/ë°©ì£¼/í…ŒìŠ¤íŠ¸
2025-04-18 20:06:32,836 INFO Starting fetch for 2 items
2025-04-18 20:06:32,836 INFO Checking Firestore cache
2025-04-18 20:06:32,836 DEBUG Sending POST request to https://gamesorter-28083845590.us-central1.run.app/games
2025-04-18 20:06:32,840 DEBUG Starting new HTTPS connection (1): gamesorter-28083845590.us-central1.run.app:443
2025-04-18 20:06:33,662 DEBUG https://gamesorter-28083845590.us-central1.run.app:443 "POST /games HTTP/1.1" 200 251
2025-04-18 20:06:33,663 INFO ðŸ”¥ ì„œë²„ ì‘ë‹µ missing: ['RJ263090', 'RJ331162']
2025-04-18 20:06:33,663 INFO Firestore cache check complete, missing items: 2
2025-04-18 20:06:33,663 INFO Fetching DLsite data for RJ263090
2025-04-18 20:06:33,664 DEBUG Starting new HTTPS connection (1): www.dlsite.com:443
2025-04-18 20:06:34,298 DEBUG https://www.dlsite.com:443 "GET /maniax/work/=/product_id/RJ263090.html HTTP/1.1" 404 None
2025-04-18 20:06:34,299 ERROR Error fetching DLsite data for RJ263090: DLsite fetch failed: Status 404
Traceback (most recent call last):
  File "E:\Projects\game-sort\core.py", line 70, in get_dlsite_data
    raise Exception(f"DLsite fetch failed: Status {response.status_code}")
Exception: DLsite fetch failed: Status 404
2025-04-18 20:06:34,302 INFO Fetching DLsite data for RJ331162
2025-04-18 20:06:34,303 DEBUG Starting new HTTPS connection (1): www.dlsite.com:443
2025-04-18 20:06:34,881 DEBUG https://www.dlsite.com:443 "GET /maniax/work/=/product_id/RJ331162.html HTTP/1.1" 404 None
2025-04-18 20:06:34,883 ERROR Error fetching DLsite data for RJ331162: DLsite fetch failed: Status 404
Traceback (most recent call last):
  File "E:\Projects\game-sort\core.py", line 70, in get_dlsite_data
    raise Exception(f"DLsite fetch failed: Status {response.status_code}")
Exception: DLsite fetch failed: Status 404
2025-04-18 20:06:34,884 INFO Sending 2 crawled items to server
2025-04-18 20:06:34,884 DEBUG Sending POST request to https://gamesorter-28083845590.us-central1.run.app/games
2025-04-18 20:06:34,885 DEBUG Starting new HTTPS connection (1): gamesorter-28083845590.us-central1.run.app:443
2025-04-18 20:06:35,601 DEBUG https://gamesorter-28083845590.us-central1.run.app:443 "POST /games HTTP/1.1" 200 230
2025-04-18 20:06:35,603 INFO Re-fetching all items from cache after saving translated ones
2025-04-18 20:06:35,603 DEBUG Sending POST request to https://gamesorter-28083845590.us-central1.run.app/games
2025-04-18 20:06:35,604 DEBUG Starting new HTTPS connection (1): gamesorter-28083845590.us-central1.run.app:443
2025-04-18 20:06:36,362 DEBUG https://gamesorter-28083845590.us-central1.run.app:443 "POST /games HTTP/1.1" 200 251
2025-04-18 20:06:36,363 INFO Re-fetching all items from cache after saving translated ones
2025-04-18 20:06:36,363 INFO === on_fetch_finished called ===
2025-04-18 20:06:36,363 DEBUG Sending POST request to https://gamesorter-28083845590.us-central1.run.app/games
2025-04-18 20:06:36,363 INFO Received game_data (length=2):
2025-04-18 20:06:36,364 INFO [0] => {"error": "Game not found for RJ263090", "platform": "rj", "rj_code": "RJ263090"}
2025-04-18 20:06:36,364 INFO [1] => {"error": "Game not found for RJ331162", "platform": "rj", "rj_code": "RJ331162"}
2025-04-18 20:06:36,365 DEBUG Starting new HTTPS connection (1): gamesorter-28083845590.us-central1.run.app:443
2025-04-18 20:06:37,116 DEBUG https://gamesorter-28083845590.us-central1.run.app:443 "POST /games HTTP/1.1" 200 251
2025-04-18 20:06:37,117 INFO === on_fetch_finished called ===
2025-04-18 20:06:37,118 INFO Received game_data (length=2):
2025-04-18 20:06:37,119 INFO [0] => {"error": "Game not found for RJ263090", "platform": "rj", "rj_code": "RJ263090"}
2025-04-18 20:06:37,119 INFO [1] => {"error": "Game not found for RJ331162", "platform": "rj", "rj_code": "RJ331162"}
2025-04-18 20:15:05,954 INFO Scanning folder: H:/yangame/ë°©ì£¼/í…ŒìŠ¤íŠ¸
2025-04-18 20:15:07,292 INFO Starting fetch for 2 items
2025-04-18 20:15:07,293 INFO Checking Firestore cache
2025-04-18 20:15:07,293 DEBUG Sending POST request to https://gamesorter-28083845590.us-central1.run.app/games
2025-04-18 20:15:07,297 DEBUG Starting new HTTPS connection (1): gamesorter-28083845590.us-central1.run.app:443
2025-04-18 20:15:08,195 DEBUG https://gamesorter-28083845590.us-central1.run.app:443 "POST /games HTTP/1.1" 200 251
2025-04-18 20:15:08,196 INFO ðŸ”¥ ì„œë²„ ì‘ë‹µ missing: ['RJ263090', 'RJ331162']
2025-04-18 20:15:08,196 INFO Firestore cache check complete, missing items: 2
2025-04-18 20:15:08,196 INFO Fetching DLsite data for RJ263090
2025-04-18 20:15:08,197 DEBUG Starting new HTTPS connection (1): www.dlsite.com:443
2025-04-18 20:15:08,810 DEBUG https://www.dlsite.com:443 "GET /maniax/work/=/product_id/RJ263090.html HTTP/1.1" 404 None
2025-04-18 20:15:08,812 ERROR Error fetching DLsite data for RJ263090: DLsite fetch failed: Status 404
Traceback (most recent call last):
  File "E:\Projects\game-sort\core.py", line 70, in get_dlsite_data
    raise Exception(f"DLsite fetch failed: Status {response.status_code}")
Exception: DLsite fetch failed: Status 404
2025-04-18 20:15:08,814 INFO Fetching DLsite data for RJ331162
2025-04-18 20:15:08,815 DEBUG Starting new HTTPS connection (1): www.dlsite.com:443
2025-04-18 20:15:09,451 DEBUG https://www.dlsite.com:443 "GET /maniax/work/=/product_id/RJ331162.html HTTP/1.1" 404 None
2025-04-18 20:15:09,453 ERROR Error fetching DLsite data for RJ331162: DLsite fetch failed: Status 404
Traceback (most recent call last):
  File "E:\Projects\game-sort\core.py", line 70, in get_dlsite_data
    raise Exception(f"DLsite fetch failed: Status {response.status_code}")
Exception: DLsite fetch failed: Status 404
2025-04-18 20:15:09,454 INFO Sending 2 crawled items to server
2025-04-18 20:15:09,454 DEBUG Sending POST request to https://gamesorter-28083845590.us-central1.run.app/games
2025-04-18 20:15:09,456 DEBUG Starting new HTTPS connection (1): gamesorter-28083845590.us-central1.run.app:443
2025-04-18 20:15:10,116 DEBUG https://gamesorter-28083845590.us-central1.run.app:443 "POST /games HTTP/1.1" 200 230
2025-04-18 20:15:10,118 INFO Re-fetching all items from cache after saving translated ones
2025-04-18 20:15:10,118 DEBUG Sending POST request to https://gamesorter-28083845590.us-central1.run.app/games
2025-04-18 20:15:10,119 DEBUG Starting new HTTPS connection (1): gamesorter-28083845590.us-central1.run.app:443
2025-04-18 20:15:10,882 DEBUG https://gamesorter-28083845590.us-central1.run.app:443 "POST /games HTTP/1.1" 200 251
2025-04-18 20:15:10,883 INFO Re-fetching all items from cache after saving translated ones
2025-04-18 20:15:10,883 INFO === on_fetch_finished called ===
2025-04-18 20:15:10,883 DEBUG Sending POST request to https://gamesorter-28083845590.us-central1.run.app/games
2025-04-18 20:15:10,883 INFO Received game_data (length=2):
2025-04-18 20:15:10,884 INFO [0] => {"error": "Game not found for RJ263090", "platform": "rj", "rj_code": "RJ263090"}
2025-04-18 20:15:10,884 INFO [1] => {"error": "Game not found for RJ331162", "platform": "rj", "rj_code": "RJ331162"}
2025-04-18 20:15:10,885 DEBUG Starting new HTTPS connection (1): gamesorter-28083845590.us-central1.run.app:443
2025-04-18 20:15:11,639 DEBUG https://gamesorter-28083845590.us-central1.run.app:443 "POST /games HTTP/1.1" 200 251
2025-04-18 20:15:11,640 INFO === on_fetch_finished called ===
2025-04-18 20:15:11,641 INFO Received game_data (length=2):
2025-04-18 20:15:11,642 INFO [0] => {"error": "Game not found for RJ263090", "platform": "rj", "rj_code": "RJ263090"}
2025-04-18 20:15:11,643 INFO [1] => {"error": "Game not found for RJ331162", "platform": "rj", "rj_code": "RJ331162"}
2025-04-18 20:16:03,616 INFO Starting fetch for 2 items
2025-04-18 20:16:03,616 INFO Checking Firestore cache
2025-04-18 20:16:03,616 DEBUG Sending POST request to https://gamesorter-28083845590.us-central1.run.app/games
2025-04-18 20:16:03,618 DEBUG Starting new HTTPS connection (1): gamesorter-28083845590.us-central1.run.app:443
2025-04-18 20:16:07,986 DEBUG https://gamesorter-28083845590.us-central1.run.app:443 "POST /games HTTP/1.1" 200 251
2025-04-18 20:16:07,986 INFO ðŸ”¥ ì„œë²„ ì‘ë‹µ missing: ['RJ263090', 'RJ331162']
2025-04-18 20:16:07,986 INFO Firestore cache check complete, missing items: 2
2025-04-18 20:16:07,986 INFO Fetching DLsite data for RJ263090
2025-04-18 20:16:07,987 DEBUG Starting new HTTPS connection (1): www.dlsite.com:443
2025-04-18 20:16:08,640 DEBUG https://www.dlsite.com:443 "GET /maniax/work/=/product_id/RJ263090.html HTTP/1.1" 404 None
2025-04-18 20:16:08,642 ERROR Error fetching DLsite data for RJ263090: DLsite fetch failed: Status 404
Traceback (most recent call last):
  File "E:\Projects\game-sort\core.py", line 70, in get_dlsite_data
    raise Exception(f"DLsite fetch failed: Status {response.status_code}")
Exception: DLsite fetch failed: Status 404
2025-04-18 20:16:08,643 INFO Fetching DLsite data for RJ331162
2025-04-18 20:16:08,645 DEBUG Starting new HTTPS connection (1): www.dlsite.com:443
2025-04-18 20:16:09,262 DEBUG https://www.dlsite.com:443 "GET /maniax/work/=/product_id/RJ331162.html HTTP/1.1" 404 None
2025-04-18 20:16:09,263 ERROR Error fetching DLsite data for RJ331162: DLsite fetch failed: Status 404
Traceback (most recent call last):
  File "E:\Projects\game-sort\core.py", line 70, in get_dlsite_data
    raise Exception(f"DLsite fetch failed: Status {response.status_code}")
Exception: DLsite fetch failed: Status 404
2025-04-18 20:16:09,265 INFO Sending 2 crawled items to server
2025-04-18 20:16:09,265 DEBUG Sending POST request to https://gamesorter-28083845590.us-central1.run.app/games
2025-04-18 20:16:09,266 DEBUG Starting new HTTPS connection (1): gamesorter-28083845590.us-central1.run.app:443
2025-04-18 20:16:09,956 DEBUG https://gamesorter-28083845590.us-central1.run.app:443 "POST /games HTTP/1.1" 200 230
2025-04-18 20:16:09,958 INFO Re-fetching all items from cache after saving translated ones
2025-04-18 20:16:09,958 DEBUG Sending POST request to https://gamesorter-28083845590.us-central1.run.app/games
2025-04-18 20:16:09,959 DEBUG Starting new HTTPS connection (1): gamesorter-28083845590.us-central1.run.app:443
2025-04-18 20:16:10,720 DEBUG https://gamesorter-28083845590.us-central1.run.app:443 "POST /games HTTP/1.1" 200 251
2025-04-18 20:16:10,721 INFO Re-fetching all items from cache after saving translated ones
2025-04-18 20:16:10,721 INFO === on_fetch_finished called ===
2025-04-18 20:16:10,721 DEBUG Sending POST request to https://gamesorter-28083845590.us-central1.run.app/games
2025-04-18 20:16:10,721 INFO Received game_data (length=2):
2025-04-18 20:16:10,721 INFO [0] => {"error": "Game not found for RJ263090", "platform": "rj", "rj_code": "RJ263090"}
2025-04-18 20:16:10,721 INFO [1] => {"error": "Game not found for RJ331162", "platform": "rj", "rj_code": "RJ331162"}
2025-04-18 20:16:10,723 DEBUG Starting new HTTPS connection (1): gamesorter-28083845590.us-central1.run.app:443
2025-04-18 20:16:11,509 DEBUG https://gamesorter-28083845590.us-central1.run.app:443 "POST /games HTTP/1.1" 200 251
2025-04-18 20:16:11,512 INFO === on_fetch_finished called ===
2025-04-18 20:16:11,514 INFO Received game_data (length=2):
2025-04-18 20:16:11,514 INFO [0] => {"error": "Game not found for RJ263090", "platform": "rj", "rj_code": "RJ263090"}
2025-04-18 20:16:11,514 INFO [1] => {"error": "Game not found for RJ331162", "platform": "rj", "rj_code": "RJ331162"}
