2025-04-17 13:11:42,387 Scanning folder
2025-04-17 13:11:42,504 Added row 0: Asuka-san wa Nabikanai.zip
2025-04-17 13:11:42,504 Added row 1: Dungeons Legion 1.3.2.7z
2025-04-17 13:11:42,504 Added row 2: Mura Musume v1.61.zip
2025-04-17 13:11:42,507 Added row 3: My lovely Mom Final.zip
2025-04-17 13:11:42,507 Added row 4: NTR House v1.51.zip
2025-04-17 13:11:42,508 Added row 5: Perfect_Housewife-v.2412-pc.zip
2025-04-17 13:11:42,508 Added row 6: RJ01010738 Cage of Tentacles for DLsite.zip
2025-04-17 13:11:42,509 Added row 7: RJ01124518[PANぐるみ・ふぁみりぃ]NTR은 끝나지 않는다 ~당신은 어디까지 아내의 네토라레를 용서할 수 있습니까~-번역2차.zip
2025-04-17 13:11:42,509 Added row 8: RJ01366624
2025-04-17 13:11:42,510 Added row 9: RJ01366624.zip
2025-04-17 13:11:42,510 Added row 10: RJ220365.7z
2025-04-17 13:11:42,510 Added row 11: RJ415568[PANぐるみ・ふぁみりぃ]NTR은 당신의 회사까지 ~당신은 어디까지 아내의 네토라레를 용서할 수 있습니까~ -번역.zip
2025-04-17 13:11:42,511 Added row 12: Samurai Vandalism v2.0.3.7z
2025-04-17 13:11:42,512 Added row 13: [Kimochi] ママンズオペレーション.zip
2025-04-17 13:11:42,513 Added row 14: [RJ432234] 유애노예조교계획 1.02 (부분손번역) +이미지번역.rar
2025-04-17 13:11:42,513 Added row 15: devcontainer-python-template.zip
2025-04-17 13:11:42,513 Added row 16: ㅂㄱ
2025-04-17 13:11:42,514 Added row 17: 기타
2025-04-17 13:11:42,514 Added row 18: 네토라레 마녀 아멜리아.zip
2025-04-17 13:11:42,515 Added row 19: 변경용
2025-04-17 13:11:42,515 Added row 20: 복구 20종
2025-04-17 13:11:42,516 Added row 21: 오빠 사랑스러운 여동생과 기분 좋은 이세계 성활!.zip
2025-04-17 13:11:42,516 Added row 22: 음란한 모험가 안나 ~최강 모험가가 밑바닥 남자의 여자가 될때까지~.zip
2025-04-17 13:11:42,517 Added row 23: 정리본
2025-04-17 13:11:42,517 Folder loaded: 24 files
2025-04-17 13:11:42,517 update_select_all_state: all_checked=False, none_checked=True
